#
# There is insufficient memory for the Java Runtime Environment to continue.
# Native memory allocation (mmap) failed to map 65536 bytes for Failed to commit metaspace.
# Possible reasons:
#   The system is out of physical RAM or swap space
#   The process is running with CompressedOops enabled, and the Java Heap may be blocking the growth of the native heap
# Possible solutions:
#   Reduce memory load on the system
#   Increase physical memory or swap space
#   Check if swap backing store is full
#   Decrease Java heap size (-Xmx/-Xms)
#   Decrease number of Java threads
#   Decrease Java thread stack sizes (-Xss)
#   Set larger code cache with -XX:ReservedCodeCacheSize=
#   JVM is running with Unscaled Compressed Oops mode in which the Java heap is
#     placed in the first 4GB address space. The Java Heap base address is the
#     maximum limit for the native heap growth. Please use -XX:HeapBaseMinAddress
#     to set the Java Heap base and to place the Java Heap above 4GB virtual address.
# This output file may be truncated or incomplete.
#
#  Out of Memory Error (virtualSpaceNode.cpp:110), pid=31728, tid=12828
#
# JRE version: OpenJDK Runtime Environment Temurin-17.0.8.1+1 (17.0.8.1+1) (build 17.0.8.1+1)
# Java VM: OpenJDK 64-Bit Server VM Temurin-17.0.8.1+1 (17.0.8.1+1, mixed mode, tiered, compressed oops, compressed class ptrs, g1 gc, windows-amd64)
# No core dump will be written. Minidumps are not enabled by default on client versions of Windows
#

---------------  S U M M A R Y ------------

Command Line: --module-path=C:\Program Files\javafx-sdk-17.0.13\lib --add-modules=javafx.controls,javafx.fxml -Dfile.encoding=UTF-8 -Dstdout.encoding=UTF-8 -Dstderr.encoding=UTF-8 --module-path=C:\Program Files\javafx-sdk-17.0.13\lib\javafx.base.jar;C:\Program Files\javafx-sdk-17.0.13\lib\javafx.controls.jar;C:\Program Files\javafx-sdk-17.0.13\lib\javafx.fxml.jar;C:\Program Files\javafx-sdk-17.0.13\lib\javafx.graphics.jar;C:\Program Files\javafx-sdk-17.0.13\lib\javafx.media.jar;C:\Program Files\javafx-sdk-17.0.13\lib\javafx.swing.jar;C:\Program Files\javafx-sdk-17.0.13\lib\javafx.web.jar;C:\Program Files\javafx-sdk-17.0.13\lib\javafx-swt.jar -XX:+ShowCodeDetailsInExceptionMessages Interface.MainView

Host: Intel(R) Celeron(R) N4020 CPU @ 1.10GHz, 2 cores, 3G,  Windows 11 , 64 bit Build 22621 (10.0.22621.3958)
Time: Sun Nov 17 00:46:46 2024 Paris, Madrid elapsed time: 3.161539 seconds (0d 0h 0m 3s)

---------------  T H R E A D  ---------------

Current thread (0x000001dade6dfce0):  JavaThread "JavaFX Application Thread" [_thread_in_vm, id=12828, stack(0x000000411d700000,0x000000411d800000)]

Stack: [0x000000411d700000,0x000000411d800000]
Native frames: (J=compiled Java code, j=interpreted, Vv=VM code, C=native code)
V  [jvm.dll+0x678b0a]
V  [jvm.dll+0x835e84]
V  [jvm.dll+0x83762e]
V  [jvm.dll+0x837c93]
V  [jvm.dll+0x24746f]
V  [jvm.dll+0x831f1b]
V  [jvm.dll+0x61d3c6]
V  [jvm.dll+0x1c1aae]
V  [jvm.dll+0x61fd21]
V  [jvm.dll+0x61dd66]
V  [jvm.dll+0x23be91]
V  [jvm.dll+0x1eb9c0]
V  [jvm.dll+0x1ebe45]
V  [jvm.dll+0x1ec87f]
V  [jvm.dll+0x1e1d21]
V  [jvm.dll+0x53fba0]
V  [jvm.dll+0x7b1278]
V  [jvm.dll+0x7b1364]
V  [jvm.dll+0x40ecc5]
V  [jvm.dll+0x414e18]
C  [java.dll+0x17ec]

Java frames: (J=compiled Java code, j=interpreted, Vv=VM code)
j  java.lang.ClassLoader.defineClass1(Ljava/lang/ClassLoader;Ljava/lang/String;[BIILjava/security/ProtectionDomain;Ljava/lang/String;)Ljava/lang/Class;+0 java.base@17.0.8.1
j  java.lang.ClassLoader.defineClass(Ljava/lang/String;[BIILjava/security/ProtectionDomain;)Ljava/lang/Class;+27 java.base@17.0.8.1
j  java.lang.ClassLoader.defineClass(Ljava/lang/String;Ljava/nio/ByteBuffer;Ljava/security/ProtectionDomain;)Ljava/lang/Class;+38 java.base@17.0.8.1
j  java.security.SecureClassLoader.defineClass(Ljava/lang/String;Ljava/nio/ByteBuffer;Ljava/security/CodeSource;)Ljava/lang/Class;+8 java.base@17.0.8.1
J 768 c1 jdk.internal.loader.BuiltinClassLoader.defineClass(Ljava/lang/String;Ljdk/internal/loader/BuiltinClassLoader$LoadedModule;)Ljava/lang/Class; java.base@17.0.8.1 (162 bytes) @ 0x000001dac67cf604 [0x000001dac67cdb40+0x0000000000001ac4]
J 671 c1 jdk.internal.loader.BuiltinClassLoader.loadClassOrNull(Ljava/lang/String;Z)Ljava/lang/Class; java.base@17.0.8.1 (143 bytes) @ 0x000001dac67a162c [0x000001dac67a1040+0x00000000000005ec]
J 673 c1 jdk.internal.loader.ClassLoaders$AppClassLoader.loadClass(Ljava/lang/String;Z)Ljava/lang/Class; java.base@17.0.8.1 (40 bytes) @ 0x000001dac67a39f4 [0x000001dac67a33e0+0x0000000000000614]
J 672 c1 java.lang.ClassLoader.loadClass(Ljava/lang/String;)Ljava/lang/Class; java.base@17.0.8.1 (7 bytes) @ 0x000001dac67a303c [0x000001dac67a2f40+0x00000000000000fc]
v  ~StubRoutines::call_stub
j  Interface.MainView.start(Ljavafx/stage/Stage;)V+22
j  com.sun.javafx.application.LauncherImpl.lambda$launchApplication1$9(Ljava/util/concurrent/atomic/AtomicBoolean;Ljavafx/application/Application;)V+20 javafx.graphics
j  com.sun.javafx.application.LauncherImpl$$Lambda$102+0x00000001000ff438.run()V+8 javafx.graphics
j  com.sun.javafx.application.PlatformImpl.lambda$runAndWait$12(Ljava/lang/Runnable;Ljava/util/concurrent/CountDownLatch;)V+1 javafx.graphics
j  com.sun.javafx.application.PlatformImpl$$Lambda$95+0x00000001000f6838.run()V+8 javafx.graphics
j  com.sun.javafx.application.PlatformImpl.lambda$runLater$10(Ljava/lang/Runnable;)Ljava/lang/Void;+1 javafx.graphics
j  com.sun.javafx.application.PlatformImpl$$Lambda$97+0x00000001000f76c0.run()Ljava/lang/Object;+4 javafx.graphics
j  java.security.AccessController.executePrivileged(Ljava/security/PrivilegedAction;Ljava/security/AccessControlContext;Ljava/lang/Class;)Ljava/lang/Object;+29 java.base@17.0.8.1
j  java.security.AccessController.doPrivileged(Ljava/security/PrivilegedAction;Ljava/security/AccessControlContext;)Ljava/lang/Object;+13 java.base@17.0.8.1
j  com.sun.javafx.application.PlatformImpl.lambda$runLater$11(Ljava/lang/Runnable;Ljava/security/AccessControlContext;)V+7 javafx.graphics
j  com.sun.javafx.application.PlatformImpl$$Lambda$96+0x00000001000f6a58.run()V+8 javafx.graphics
j  com.sun.glass.ui.InvokeLaterDispatcher$Future.run()V+4 javafx.graphics
v  ~StubRoutines::call_stub
j  com.sun.glass.ui.win.WinApplication._runLoop(Ljava/lang/Runnable;)V+0 javafx.graphics
j  com.sun.glass.ui.win.WinApplication.lambda$runLoop$3(ILjava/lang/Runnable;)V+8 javafx.graphics
j  com.sun.glass.ui.win.WinApplication$$Lambda$85+0x00000001000eb098.run()V+12 javafx.graphics
j  java.lang.Thread.run()V+11 java.base@17.0.8.1
v  ~StubRoutines::call_stub

---------------  P R O C E S S  ---------------

Threads class SMR info:
_java_thread_list=0x000001dade9741e0, length=17, elements={
0x000001dac300c9b0, 0x000001dad9b1ced0, 0x000001dad9b20500, 0x000001dad9b27a70,
0x000001dad9b29440, 0x000001dad9b64400, 0x000001dad9b66ce0, 0x000001dad9b6c660,
0x000001dad9b9db10, 0x000001dad9b9e7d0, 0x000001dade0ab350, 0x000001dade2d5520,
0x000001dade69ae70, 0x000001dade67aa80, 0x000001dade6dfce0, 0x000001dade940790,
0x000001dade93f320
}

Java Threads: ( => current thread )
  0x000001dac300c9b0 JavaThread "main" [_thread_blocked, id=30844, stack(0x000000411c100000,0x000000411c200000)]
  0x000001dad9b1ced0 JavaThread "Reference Handler" daemon [_thread_blocked, id=25572, stack(0x000000411c800000,0x000000411c900000)]
  0x000001dad9b20500 JavaThread "Finalizer" daemon [_thread_blocked, id=16116, stack(0x000000411c900000,0x000000411ca00000)]
  0x000001dad9b27a70 JavaThread "Signal Dispatcher" daemon [_thread_blocked, id=13672, stack(0x000000411ca00000,0x000000411cb00000)]
  0x000001dad9b29440 JavaThread "Attach Listener" daemon [_thread_blocked, id=25952, stack(0x000000411cb00000,0x000000411cc00000)]
  0x000001dad9b64400 JavaThread "Service Thread" daemon [_thread_blocked, id=22204, stack(0x000000411cc00000,0x000000411cd00000)]
  0x000001dad9b66ce0 JavaThread "Monitor Deflation Thread" daemon [_thread_blocked, id=32164, stack(0x000000411cd00000,0x000000411ce00000)]
  0x000001dad9b6c660 JavaThread "C2 CompilerThread0" daemon [_thread_blocked, id=29652, stack(0x000000411ce00000,0x000000411cf00000)]
  0x000001dad9b9db10 JavaThread "C1 CompilerThread0" daemon [_thread_blocked, id=14508, stack(0x000000411cf00000,0x000000411d000000)]
  0x000001dad9b9e7d0 JavaThread "Sweeper thread" daemon [_thread_blocked, id=25628, stack(0x000000411d000000,0x000000411d100000)]
  0x000001dade0ab350 JavaThread "Common-Cleaner" daemon [_thread_blocked, id=12176, stack(0x000000411d100000,0x000000411d200000)]
  0x000001dade2d5520 JavaThread "Notification Thread" daemon [_thread_blocked, id=28836, stack(0x000000411d300000,0x000000411d400000)]
  0x000001dade69ae70 JavaThread "QuantumRenderer-0" daemon [_thread_blocked, id=29496, stack(0x000000411d500000,0x000000411d600000)]
  0x000001dade67aa80 JavaThread "InvokeLaterDispatcher" daemon [_thread_blocked, id=4368, stack(0x000000411d600000,0x000000411d700000)]
=>0x000001dade6dfce0 JavaThread "JavaFX Application Thread" [_thread_in_vm, id=12828, stack(0x000000411d700000,0x000000411d800000)]
  0x000001dade940790 JavaThread "Thread-1" daemon [_thread_in_native, id=10776, stack(0x000000411d800000,0x000000411d900000)]
  0x000001dade93f320 JavaThread "JavaFX-Launcher" [_thread_blocked, id=27700, stack(0x000000411d900000,0x000000411da00000)]

Other Threads:
  0x000001dad9b18e80 VMThread "VM Thread" [stack: 0x000000411c700000,0x000000411c800000] [id=12676]
  0x000001dac30596c0 WatcherThread [stack: 0x000000411d400000,0x000000411d500000] [id=32268]
  0x000001dac3048b90 GCTaskThread "GC Thread#0" [stack: 0x000000411c200000,0x000000411c300000] [id=19508]
  0x000001dade2cf810 GCTaskThread "GC Thread#1" [stack: 0x000000411d200000,0x000000411d300000] [id=29536]
  0x000001dac3051560 ConcurrentGCThread "G1 Main Marker" [stack: 0x000000411c300000,0x000000411c400000] [id=4000]
  0x000001dac3052710 ConcurrentGCThread "G1 Conc#0" [stack: 0x000000411c400000,0x000000411c500000] [id=31468]
  0x000001dac30887a0 ConcurrentGCThread "G1 Refine#0" [stack: 0x000000411c500000,0x000000411c600000] [id=32036]
  0x000001dac30891d0 ConcurrentGCThread "G1 Service" [stack: 0x000000411c600000,0x000000411c700000] [id=9768]

Threads with active compile tasks:

VM state: not at safepoint (normal execution)

VM Mutex/Monitor currently owned by a thread:  ([mutex/lock_event])
[0x000001dac3006a50] Metaspace_lock - owner thread: 0x000001dade6dfce0

Heap address: 0x00000000c2c00000, size: 980 MB, Compressed Oops mode: 32-bit

CDS archive(s) not mapped
Compressed class space mapped at: 0x0000000100000000-0x0000000140000000, reserved size: 1073741824
Narrow klass base: 0x0000000000000000, Narrow klass shift: 3, Narrow klass range: 0x140000000

GC Precious Log:
 CPUs: 2 total, 2 available
 Memory: 3918M
 Large Page Support: Disabled
 NUMA Support: Disabled
 Compressed Oops: Enabled (32-bit)
 Heap Region Size: 1M
 Heap Min Capacity: 8M
 Heap Initial Capacity: 62M
 Heap Max Capacity: 980M
 Pre-touch: Disabled
 Parallel Workers: 2
 Concurrent Workers: 1
 Concurrent Refinement Workers: 2
 Periodic GC: Disabled

Heap:
 garbage-first heap   total 63488K, used 4715K [0x00000000c2c00000, 0x0000000100000000)
  region size 1024K, 5 young (5120K), 1 survivors (1024K)
 Metaspace       used 10393K, committed 10496K, reserved 1114112K
  class space    used 1052K, committed 1088K, reserved 1048576K

Heap Regions: E=young(eden), S=young(survivor), O=old, HS=humongous(starts), HC=humongous(continues), CS=collection set, F=free, OA=open archive, CA=closed archive, TAMS=top-at-mark-start (previous, next)
|   0|0x00000000c2c00000, 0x00000000c2ca5e00, 0x00000000c2d00000| 64%| O|  |TAMS 0x00000000c2c00000, 0x00000000c2c00000| Untracked 
|   1|0x00000000c2d00000, 0x00000000c2d00000, 0x00000000c2e00000|  0%| F|  |TAMS 0x00000000c2d00000, 0x00000000c2d00000| Untracked 
|   2|0x00000000c2e00000, 0x00000000c2e00000, 0x00000000c2f00000|  0%| F|  |TAMS 0x00000000c2e00000, 0x00000000c2e00000| Untracked 
|   3|0x00000000c2f00000, 0x00000000c2f00000, 0x00000000c3000000|  0%| F|  |TAMS 0x00000000c2f00000, 0x00000000c2f00000| Untracked 
|   4|0x00000000c3000000, 0x00000000c3000000, 0x00000000c3100000|  0%| F|  |TAMS 0x00000000c3000000, 0x00000000c3000000| Untracked 
|   5|0x00000000c3100000, 0x00000000c3100000, 0x00000000c3200000|  0%| F|  |TAMS 0x00000000c3100000, 0x00000000c3100000| Untracked 
|   6|0x00000000c3200000, 0x00000000c3200000, 0x00000000c3300000|  0%| F|  |TAMS 0x00000000c3200000, 0x00000000c3200000| Untracked 
|   7|0x00000000c3300000, 0x00000000c3300000, 0x00000000c3400000|  0%| F|  |TAMS 0x00000000c3300000, 0x00000000c3300000| Untracked 
|   8|0x00000000c3400000, 0x00000000c3400000, 0x00000000c3500000|  0%| F|  |TAMS 0x00000000c3400000, 0x00000000c3400000| Untracked 
|   9|0x00000000c3500000, 0x00000000c3500000, 0x00000000c3600000|  0%| F|  |TAMS 0x00000000c3500000, 0x00000000c3500000| Untracked 
|  10|0x00000000c3600000, 0x00000000c3600000, 0x00000000c3700000|  0%| F|  |TAMS 0x00000000c3600000, 0x00000000c3600000| Untracked 
|  11|0x00000000c3700000, 0x00000000c3700000, 0x00000000c3800000|  0%| F|  |TAMS 0x00000000c3700000, 0x00000000c3700000| Untracked 
|  12|0x00000000c3800000, 0x00000000c3800000, 0x00000000c3900000|  0%| F|  |TAMS 0x00000000c3800000, 0x00000000c3800000| Untracked 
|  13|0x00000000c3900000, 0x00000000c3900000, 0x00000000c3a00000|  0%| F|  |TAMS 0x00000000c3900000, 0x00000000c3900000| Untracked 
|  14|0x00000000c3a00000, 0x00000000c3a00000, 0x00000000c3b00000|  0%| F|  |TAMS 0x00000000c3a00000, 0x00000000c3a00000| Untracked 
|  15|0x00000000c3b00000, 0x00000000c3b00000, 0x00000000c3c00000|  0%| F|  |TAMS 0x00000000c3b00000, 0x00000000c3b00000| Untracked 
|  16|0x00000000c3c00000, 0x00000000c3c00000, 0x00000000c3d00000|  0%| F|  |TAMS 0x00000000c3c00000, 0x00000000c3c00000| Untracked 
|  17|0x00000000c3d00000, 0x00000000c3d00000, 0x00000000c3e00000|  0%| F|  |TAMS 0x00000000c3d00000, 0x00000000c3d00000| Untracked 
|  18|0x00000000c3e00000, 0x00000000c3e00000, 0x00000000c3f00000|  0%| F|  |TAMS 0x00000000c3e00000, 0x00000000c3e00000| Untracked 
|  19|0x00000000c3f00000, 0x00000000c3f00000, 0x00000000c4000000|  0%| F|  |TAMS 0x00000000c3f00000, 0x00000000c3f00000| Untracked 
|  20|0x00000000c4000000, 0x00000000c4000000, 0x00000000c4100000|  0%| F|  |TAMS 0x00000000c4000000, 0x00000000c4000000| Untracked 
|  21|0x00000000c4100000, 0x00000000c4100000, 0x00000000c4200000|  0%| F|  |TAMS 0x00000000c4100000, 0x00000000c4100000| Untracked 
|  22|0x00000000c4200000, 0x00000000c4200000, 0x00000000c4300000|  0%| F|  |TAMS 0x00000000c4200000, 0x00000000c4200000| Untracked 
|  23|0x00000000c4300000, 0x00000000c4300000, 0x00000000c4400000|  0%| F|  |TAMS 0x00000000c4300000, 0x00000000c4300000| Untracked 
|  24|0x00000000c4400000, 0x00000000c4400000, 0x00000000c4500000|  0%| F|  |TAMS 0x00000000c4400000, 0x00000000c4400000| Untracked 
|  25|0x00000000c4500000, 0x00000000c4500000, 0x00000000c4600000|  0%| F|  |TAMS 0x00000000c4500000, 0x00000000c4500000| Untracked 
|  26|0x00000000c4600000, 0x00000000c4600000, 0x00000000c4700000|  0%| F|  |TAMS 0x00000000c4600000, 0x00000000c4600000| Untracked 
|  27|0x00000000c4700000, 0x00000000c4700000, 0x00000000c4800000|  0%| F|  |TAMS 0x00000000c4700000, 0x00000000c4700000| Untracked 
|  28|0x00000000c4800000, 0x00000000c4800000, 0x00000000c4900000|  0%| F|  |TAMS 0x00000000c4800000, 0x00000000c4800000| Untracked 
|  29|0x00000000c4900000, 0x00000000c4900000, 0x00000000c4a00000|  0%| F|  |TAMS 0x00000000c4900000, 0x00000000c4900000| Untracked 
|  30|0x00000000c4a00000, 0x00000000c4a00000, 0x00000000c4b00000|  0%| F|  |TAMS 0x00000000c4a00000, 0x00000000c4a00000| Untracked 
|  31|0x00000000c4b00000, 0x00000000c4b00000, 0x00000000c4c00000|  0%| F|  |TAMS 0x00000000c4b00000, 0x00000000c4b00000| Untracked 
|  32|0x00000000c4c00000, 0x00000000c4c00000, 0x00000000c4d00000|  0%| F|  |TAMS 0x00000000c4c00000, 0x00000000c4c00000| Untracked 
|  33|0x00000000c4d00000, 0x00000000c4d00000, 0x00000000c4e00000|  0%| F|  |TAMS 0x00000000c4d00000, 0x00000000c4d00000| Untracked 
|  34|0x00000000c4e00000, 0x00000000c4e00000, 0x00000000c4f00000|  0%| F|  |TAMS 0x00000000c4e00000, 0x00000000c4e00000| Untracked 
|  35|0x00000000c4f00000, 0x00000000c4f00000, 0x00000000c5000000|  0%| F|  |TAMS 0x00000000c4f00000, 0x00000000c4f00000| Untracked 
|  36|0x00000000c5000000, 0x00000000c5000000, 0x00000000c5100000|  0%| F|  |TAMS 0x00000000c5000000, 0x00000000c5000000| Untracked 
|  37|0x00000000c5100000, 0x00000000c5100000, 0x00000000c5200000|  0%| F|  |TAMS 0x00000000c5100000, 0x00000000c5100000| Untracked 
|  38|0x00000000c5200000, 0x00000000c5200000, 0x00000000c5300000|  0%| F|  |TAMS 0x00000000c5200000, 0x00000000c5200000| Untracked 
|  39|0x00000000c5300000, 0x00000000c5300000, 0x00000000c5400000|  0%| F|  |TAMS 0x00000000c5300000, 0x00000000c5300000| Untracked 
|  40|0x00000000c5400000, 0x00000000c5400000, 0x00000000c5500000|  0%| F|  |TAMS 0x00000000c5400000, 0x00000000c5400000| Untracked 
|  41|0x00000000c5500000, 0x00000000c5500000, 0x00000000c5600000|  0%| F|  |TAMS 0x00000000c5500000, 0x00000000c5500000| Untracked 
|  42|0x00000000c5600000, 0x00000000c5600000, 0x00000000c5700000|  0%| F|  |TAMS 0x00000000c5600000, 0x00000000c5600000| Untracked 
|  43|0x00000000c5700000, 0x00000000c5700000, 0x00000000c5800000|  0%| F|  |TAMS 0x00000000c5700000, 0x00000000c5700000| Untracked 
|  44|0x00000000c5800000, 0x00000000c5800000, 0x00000000c5900000|  0%| F|  |TAMS 0x00000000c5800000, 0x00000000c5800000| Untracked 
|  45|0x00000000c5900000, 0x00000000c5900000, 0x00000000c5a00000|  0%| F|  |TAMS 0x00000000c5900000, 0x00000000c5900000| Untracked 
|  46|0x00000000c5a00000, 0x00000000c5a00000, 0x00000000c5b00000|  0%| F|  |TAMS 0x00000000c5a00000, 0x00000000c5a00000| Untracked 
|  47|0x00000000c5b00000, 0x00000000c5b00000, 0x00000000c5c00000|  0%| F|  |TAMS 0x00000000c5b00000, 0x00000000c5b00000| Untracked 
|  48|0x00000000c5c00000, 0x00000000c5c00000, 0x00000000c5d00000|  0%| F|  |TAMS 0x00000000c5c00000, 0x00000000c5c00000| Untracked 
|  49|0x00000000c5d00000, 0x00000000c5d00000, 0x00000000c5e00000|  0%| F|  |TAMS 0x00000000c5d00000, 0x00000000c5d00000| Untracked 
|  50|0x00000000c5e00000, 0x00000000c5e00000, 0x00000000c5f00000|  0%| F|  |TAMS 0x00000000c5e00000, 0x00000000c5e00000| Untracked 
|  51|0x00000000c5f00000, 0x00000000c5f00000, 0x00000000c6000000|  0%| F|  |TAMS 0x00000000c5f00000, 0x00000000c5f00000| Untracked 
|  52|0x00000000c6000000, 0x00000000c6000000, 0x00000000c6100000|  0%| F|  |TAMS 0x00000000c6000000, 0x00000000c6000000| Untracked 
|  53|0x00000000c6100000, 0x00000000c61f50a0, 0x00000000c6200000| 95%| S|CS|TAMS 0x00000000c6100000, 0x00000000c6100000| Complete 
|  54|0x00000000c6200000, 0x00000000c6200000, 0x00000000c6300000|  0%| F|  |TAMS 0x00000000c6200000, 0x00000000c6200000| Untracked 
|  55|0x00000000c6300000, 0x00000000c6300000, 0x00000000c6400000|  0%| F|  |TAMS 0x00000000c6300000, 0x00000000c6300000| Untracked 
|  56|0x00000000c6400000, 0x00000000c6400000, 0x00000000c6500000|  0%| F|  |TAMS 0x00000000c6400000, 0x00000000c6400000| Untracked 
|  57|0x00000000c6500000, 0x00000000c6500000, 0x00000000c6600000|  0%| F|  |TAMS 0x00000000c6500000, 0x00000000c6500000| Untracked 
|  58|0x00000000c6600000, 0x00000000c665ac68, 0x00000000c6700000| 35%| E|  |TAMS 0x00000000c6600000, 0x00000000c6600000| Complete 
|  59|0x00000000c6700000, 0x00000000c6800000, 0x00000000c6800000|100%| E|CS|TAMS 0x00000000c6700000, 0x00000000c6700000| Complete 
|  60|0x00000000c6800000, 0x00000000c6900000, 0x00000000c6900000|100%| E|CS|TAMS 0x00000000c6800000, 0x00000000c6800000| Complete 
|  61|0x00000000c6900000, 0x00000000c6a00000, 0x00000000c6a00000|100%| E|CS|TAMS 0x00000000c6900000, 0x00000000c6900000| Complete 

Card table byte_map: [0x000001dac2dc0000,0x000001dac2fb0000] _byte_map_base: 0x000001dac27aa000

Marking Bits (Prev, Next): (CMBitMap*) 0x000001dac30491b0, (CMBitMap*) 0x000001dac30491f0
 Prev Bits: [0x000001dad58b0000, 0x000001dad6800000)
 Next Bits: [0x000001dad6800000, 0x000001dad7750000)

Polling page: 0x000001dac1180000

Metaspace:

Usage:
  Non-class:      9.12 MB used.
      Class:      1.03 MB used.
       Both:     10.15 MB used.

Virtual space:
  Non-class space:       64.00 MB reserved,       9.19 MB ( 14%) committed,  1 nodes.
      Class space:        1.00 GB reserved,       1.06 MB ( <1%) committed,  1 nodes.
             Both:        1.06 GB reserved,      10.25 MB ( <1%) committed. 

Chunk freelists:
   Non-Class:  5.98 MB
       Class:  14.88 MB
        Both:  20.86 MB

MaxMetaspaceSize: unlimited
CompressedClassSpaceSize: 1.00 GB
Initial GC threshold: 21.00 MB
Current GC threshold: 21.00 MB
CDS: off
MetaspaceReclaimPolicy: balanced
 - commit_granule_bytes: 65536.
 - commit_granule_words: 8192.
 - virtual_space_node_default_size: 8388608.
 - enlarge_chunks_in_place: 1.
 - new_chunks_are_fully_committed: 0.
 - uncommit_free_chunks: 1.
 - use_allocation_guard: 0.
 - handle_deallocations: 1.


Internal statistics:

num_allocs_failed_limit: 0.
num_arena_births: 86.
num_arena_deaths: 0.
num_vsnodes_births: 2.
num_vsnodes_deaths: 0.
num_space_committed: 164.
num_space_uncommitted: 0.
num_chunks_returned_to_freelist: 0.
num_chunks_taken_from_freelist: 212.
num_chunk_merges: 0.
num_chunk_splits: 140.
num_chunks_enlarged: 105.
num_inconsistent_stats: 0.

CodeHeap 'non-profiled nmethods': size=120064Kb used=246Kb max_used=246Kb free=119817Kb
 bounds [0x000001dace180000, 0x000001dace3f0000, 0x000001dad56c0000]
CodeHeap 'profiled nmethods': size=120000Kb used=1147Kb max_used=1147Kb free=118852Kb
 bounds [0x000001dac66c0000, 0x000001dac6930000, 0x000001dacdbf0000]
CodeHeap 'non-nmethods': size=5696Kb used=1158Kb max_used=1172Kb free=4537Kb
 bounds [0x000001dacdbf0000, 0x000001dacde60000, 0x000001dace180000]
 total_blobs=1251 nmethods=798 adapters=367
 compilation: enabled
              stopped_count=0, restarted_count=0
 full_count=0

Compilation events (20 events):
Event: 3.140 Thread 0x000001dad9b9db10  790   !   3       java.util.zip.ZipFile$Source::readAt (39 bytes)
Event: 3.140 Thread 0x000001dad9b9db10 nmethod 790 0x000001dac67d9f90 code [0x000001dac67da180, 0x000001dac67da608]
Event: 3.140 Thread 0x000001dad9b9db10  791   !   3       java.util.zip.Inflater::needsInput (55 bytes)
Event: 3.140 Thread 0x000001dad9b9db10 nmethod 791 0x000001dac67da990 code [0x000001dac67dab40, 0x000001dac67daef8]
Event: 3.141 Thread 0x000001dad9b9db10  792       3       java.util.zip.ZipCoder$UTF8ZipCoder::hasTrailingSlash (20 bytes)
Event: 3.141 Thread 0x000001dad9b9db10 nmethod 792 0x000001dac67db010 code [0x000001dac67db1a0, 0x000001dac67db378]
Event: 3.141 Thread 0x000001dad9b9db10  793       3       java.util.zip.ZipFile$ZipFileInputStream::<init> (96 bytes)
Event: 3.142 Thread 0x000001dad9b9db10 nmethod 793 0x000001dac67db490 code [0x000001dac67db6c0, 0x000001dac67dc108]
Event: 3.142 Thread 0x000001dad9b9db10  794       3       java.util.zip.ZipUtils::CENOFF (9 bytes)
Event: 3.142 Thread 0x000001dad9b6c660  799       4       java.lang.String::startsWith (138 bytes)
Event: 3.142 Thread 0x000001dad9b9db10 nmethod 794 0x000001dac67dc590 code [0x000001dac67dc740, 0x000001dac67dca18]
Event: 3.142 Thread 0x000001dad9b9db10  795       3       java.util.zip.ZipFile$ZipFileInflaterInputStream::<init> (14 bytes)
Event: 3.143 Thread 0x000001dad9b9db10 nmethod 795 0x000001dac67dcb90 code [0x000001dac67dcd40, 0x000001dac67dcef8]
Event: 3.143 Thread 0x000001dad9b9db10  796   !   3       java.util.zip.ZipFile$CleanableResource::getInflater (47 bytes)
Event: 3.143 Thread 0x000001dad9b9db10 nmethod 796 0x000001dac67dd010 code [0x000001dac67dd1e0, 0x000001dac67dd6b8]
Event: 3.143 Thread 0x000001dad9b9db10  797       3       java.util.zip.ZipFile$ZipFileInflaterInputStream::<init> (41 bytes)
Event: 3.143 Thread 0x000001dad9b9db10 nmethod 797 0x000001dac67dd890 code [0x000001dac67dda60, 0x000001dac67ddf18]
Event: 3.143 Thread 0x000001dad9b9db10  798   !   3       java.util.zip.ZipFile$ZipFileInflaterInputStream::close (67 bytes)
Event: 3.144 Thread 0x000001dad9b9db10 nmethod 798 0x000001dac67de110 code [0x000001dac67de340, 0x000001dac67deb58]
Event: 3.146 Thread 0x000001dad9b6c660 nmethod 799 0x000001dace1bd610 code [0x000001dace1bd7a0, 0x000001dace1bd9b8]

GC Heap History (4 events):
Event: 1.157 GC heap before
{Heap before GC invocations=0 (full 0):
 garbage-first heap   total 63488K, used 5120K [0x00000000c2c00000, 0x0000000100000000)
  region size 1024K, 6 young (6144K), 0 survivors (0K)
 Metaspace       used 6353K, committed 6464K, reserved 1114112K
  class space    used 540K, committed 576K, reserved 1048576K
}
Event: 1.163 GC heap after
{Heap after GC invocations=1 (full 0):
 garbage-first heap   total 63488K, used 688K [0x00000000c2c00000, 0x0000000100000000)
  region size 1024K, 1 young (1024K), 1 survivors (1024K)
 Metaspace       used 6353K, committed 6464K, reserved 1114112K
  class space    used 540K, committed 576K, reserved 1048576K
}
Event: 3.021 GC heap before
{Heap before GC invocations=1 (full 0):
 garbage-first heap   total 63488K, used 6832K [0x00000000c2c00000, 0x0000000100000000)
  region size 1024K, 8 young (8192K), 1 survivors (1024K)
 Metaspace       used 9222K, committed 9408K, reserved 1114112K
  class space    used 883K, committed 960K, reserved 1048576K
}
Event: 3.026 GC heap after
{Heap after GC invocations=2 (full 0):
 garbage-first heap   total 63488K, used 1643K [0x00000000c2c00000, 0x0000000100000000)
  region size 1024K, 1 young (1024K), 1 survivors (1024K)
 Metaspace       used 9222K, committed 9408K, reserved 1114112K
  class space    used 883K, committed 960K, reserved 1048576K
}

Dll operation events (20 events):
Event: 2.075 Loaded shared library C:\Program Files\javafx-sdk-17.0.13\bin\api-ms-win-crt-heap-l1-1-0.dll
Event: 2.088 Loaded shared library C:\Program Files\javafx-sdk-17.0.13\bin\api-ms-win-crt-locale-l1-1-0.dll
Event: 2.101 Loaded shared library C:\Program Files\javafx-sdk-17.0.13\bin\api-ms-win-crt-math-l1-1-0.dll
Event: 2.112 Loaded shared library C:\Program Files\javafx-sdk-17.0.13\bin\api-ms-win-crt-multibyte-l1-1-0.dll
Event: 2.129 Loaded shared library C:\Program Files\javafx-sdk-17.0.13\bin\api-ms-win-crt-private-l1-1-0.dll
Event: 2.142 Loaded shared library C:\Program Files\javafx-sdk-17.0.13\bin\api-ms-win-crt-process-l1-1-0.dll
Event: 2.171 Loaded shared library C:\Program Files\javafx-sdk-17.0.13\bin\api-ms-win-crt-runtime-l1-1-0.dll
Event: 2.189 Loaded shared library C:\Program Files\javafx-sdk-17.0.13\bin\api-ms-win-crt-stdio-l1-1-0.dll
Event: 2.212 Loaded shared library C:\Program Files\javafx-sdk-17.0.13\bin\api-ms-win-crt-string-l1-1-0.dll
Event: 2.227 Loaded shared library C:\Program Files\javafx-sdk-17.0.13\bin\api-ms-win-crt-time-l1-1-0.dll
Event: 2.243 Loaded shared library C:\Program Files\javafx-sdk-17.0.13\bin\api-ms-win-crt-utility-l1-1-0.dll
Event: 2.267 Loaded shared library C:\Program Files\javafx-sdk-17.0.13\bin\ucrtbase.dll
Event: 2.286 Loaded shared library C:\Program Files\javafx-sdk-17.0.13\bin\vcruntime140.dll
Event: 2.299 Loaded shared library C:\Program Files\javafx-sdk-17.0.13\bin\vcruntime140_1.dll
Event: 2.313 Loaded shared library C:\Program Files\javafx-sdk-17.0.13\bin\msvcp140.dll
Event: 2.332 Loaded shared library C:\Program Files\javafx-sdk-17.0.13\bin\msvcp140_1.dll
Event: 2.352 Loaded shared library C:\Program Files\javafx-sdk-17.0.13\bin\msvcp140_2.dll
Event: 2.522 Loaded shared library C:\Program Files\javafx-sdk-17.0.13\bin\prism_d3d.dll
Event: 2.864 Loaded shared library C:\Program Files\javafx-sdk-17.0.13\bin\glass.dll
Event: 3.095 Loaded shared library C:\Users\foure\.p2\pool\plugins\org.eclipse.justj.openjdk.hotspot.jre.full.win32.x86_64_17.0.8.v20230831-1047\jre\bin\jimage.dll

Deoptimization events (20 events):
Event: 1.209 Thread 0x000001dac300c9b0 DEOPT PACKING pc=0x000001dace188ef4 sp=0x000000411c1fef40
Event: 1.209 Thread 0x000001dac300c9b0 DEOPT UNPACKING pc=0x000001dacdc4699d sp=0x000000411c1fee80 mode 2
Event: 2.897 Thread 0x000001dade69ae70 Uncommon trap: trap_request=0xffffffde fr.pc=0x000001dace1b78a4 relative=0x0000000000000104
Event: 2.897 Thread 0x000001dade69ae70 Uncommon trap: reason=class_check action=maybe_recompile pc=0x000001dace1b78a4 method=jdk.internal.misc.Unsafe.allocateUninitializedArray(Ljava/lang/Class;I)Ljava/lang/Object; @ 51 c2
Event: 2.897 Thread 0x000001dade69ae70 DEOPT PACKING pc=0x000001dace1b78a4 sp=0x000000411d5fa9b0
Event: 2.897 Thread 0x000001dade69ae70 DEOPT UNPACKING pc=0x000001dacdc4699d sp=0x000000411d5fa938 mode 2
Event: 2.897 Thread 0x000001dade69ae70 Uncommon trap: trap_request=0xffffffde fr.pc=0x000001dace1b78a4 relative=0x0000000000000104
Event: 2.897 Thread 0x000001dade69ae70 Uncommon trap: reason=class_check action=maybe_recompile pc=0x000001dace1b78a4 method=jdk.internal.misc.Unsafe.allocateUninitializedArray(Ljava/lang/Class;I)Ljava/lang/Object; @ 51 c2
Event: 2.897 Thread 0x000001dade69ae70 DEOPT PACKING pc=0x000001dace1b78a4 sp=0x000000411d5fa920
Event: 2.897 Thread 0x000001dade69ae70 DEOPT UNPACKING pc=0x000001dacdc4699d sp=0x000000411d5fa8a8 mode 2
Event: 2.898 Thread 0x000001dade69ae70 Uncommon trap: trap_request=0xffffffde fr.pc=0x000001dace1b78a4 relative=0x0000000000000104
Event: 2.898 Thread 0x000001dade69ae70 Uncommon trap: reason=class_check action=maybe_recompile pc=0x000001dace1b78a4 method=jdk.internal.misc.Unsafe.allocateUninitializedArray(Ljava/lang/Class;I)Ljava/lang/Object; @ 51 c2
Event: 2.898 Thread 0x000001dade69ae70 DEOPT PACKING pc=0x000001dace1b78a4 sp=0x000000411d5f8e80
Event: 2.898 Thread 0x000001dade69ae70 DEOPT UNPACKING pc=0x000001dacdc4699d sp=0x000000411d5f8e08 mode 2
Event: 2.898 Thread 0x000001dade69ae70 Uncommon trap: trap_request=0xffffffde fr.pc=0x000001dace1b78a4 relative=0x0000000000000104
Event: 2.898 Thread 0x000001dade69ae70 Uncommon trap: reason=class_check action=maybe_recompile pc=0x000001dace1b78a4 method=jdk.internal.misc.Unsafe.allocateUninitializedArray(Ljava/lang/Class;I)Ljava/lang/Object; @ 51 c2
Event: 2.898 Thread 0x000001dade69ae70 DEOPT PACKING pc=0x000001dace1b78a4 sp=0x000000411d5f8df0
Event: 2.898 Thread 0x000001dade69ae70 DEOPT UNPACKING pc=0x000001dacdc4699d sp=0x000000411d5f8d78 mode 2
Event: 2.985 Thread 0x000001dade6dfce0 DEOPT PACKING pc=0x000001dac6749794 sp=0x000000411d7f9510
Event: 2.985 Thread 0x000001dade6dfce0 DEOPT UNPACKING pc=0x000001dacdc47124 sp=0x000000411d7f89a8 mode 0

Classes unloaded (0 events):
No events

Classes redefined (0 events):
No events

Internal exceptions (11 events):
Event: 1.244 Thread 0x000001dac300c9b0 Exception <a 'java/lang/NoSuchMethodError'{0x00000000c680fae0}: 'java.lang.Object java.lang.invoke.DirectMethodHandle$Holder.invokeStaticInit(java.lang.Object)'> (0x00000000c680fae0) 
thrown [s\src\hotspot\share\interpreter\linkResolver.cpp, line 759]
Event: 1.256 Thread 0x000001dac300c9b0 Exception <a 'java/lang/NoSuchMethodError'{0x00000000c68176f0}: 'void java.lang.invoke.DirectMethodHandle$Holder.invokeStatic(java.lang.Object, java.lang.Object)'> (0x00000000c68176f0) 
thrown [s\src\hotspot\share\interpreter\linkResolver.cpp, line 759]
Event: 2.417 Thread 0x000001dac300c9b0 Exception <a 'java/lang/NoSuchMethodError'{0x00000000c6534840}: 'void java.lang.invoke.DirectMethodHandle$Holder.invokeSpecial(java.lang.Object, java.lang.Object, java.lang.Object)'> (0x00000000c6534840) 
thrown [s\src\hotspot\share\interpreter\linkResolver.cpp, line 759]
Event: 2.444 Thread 0x000001dac300c9b0 Exception <a 'java/lang/NoSuchMethodError'{0x00000000c656b7e8}: 'void java.lang.invoke.DirectMethodHandle$Holder.invokeStatic(java.lang.Object, java.lang.Object, java.lang.Object)'> (0x00000000c656b7e8) 
thrown [s\src\hotspot\share\interpreter\linkResolver.cpp, line 759]
Event: 2.800 Thread 0x000001dac300c9b0 Exception <a 'java/lang/NoSuchMethodError'{0x00000000c6588478}: 'int java.lang.invoke.DirectMethodHandle$Holder.invokeStaticInit(java.lang.Object, java.lang.Object, java.lang.Object)'> (0x00000000c6588478) 
thrown [s\src\hotspot\share\interpreter\linkResolver.cpp, line 759]
Event: 2.873 Thread 0x000001dac300c9b0 Exception <a 'java/lang/NoSuchMethodError'{0x00000000c64bf250}: 'java.lang.Object java.lang.invoke.DirectMethodHandle$Holder.newInvokeSpecial(java.lang.Object, java.lang.Object, int, java.lang.Object)'> (0x00000000c64bf250) 
thrown [s\src\hotspot\share\interpreter\linkResolver.cpp, line 759]
Event: 2.874 Thread 0x000001dac300c9b0 Exception <a 'java/lang/NoSuchMethodError'{0x00000000c64c3630}: 'java.lang.Object java.lang.invoke.DirectMethodHandle$Holder.invokeSpecial(java.lang.Object, java.lang.Object, java.lang.Object, int, java.lang.Object)'> (0x00000000c64c3630) 
thrown [s\src\hotspot\share\interpreter\linkResolver.cpp, line 759]
Event: 2.997 Thread 0x000001dade6dfce0 Exception <a 'java/lang/NoSuchMethodError'{0x00000000c62a3770}: 'void java.lang.invoke.DirectMethodHandle$Holder.invokeStaticInit(java.lang.Object)'> (0x00000000c62a3770) 
thrown [s\src\hotspot\share\interpreter\linkResolver.cpp, line 759]
Event: 3.006 Thread 0x000001dac300c9b0 Exception <a 'java/lang/NoSuchMethodError'{0x00000000c64d86c8}: 'java.lang.Object java.lang.invoke.DirectMethodHandle$Holder.newInvokeSpecial(java.lang.Object, java.lang.Object, java.lang.Object, java.lang.Object, java.lang.Object, java.lang.Object)'> (0x00000000c64d86c8) 
thrown [s\src\hotspot\share\interpreter\linkResolver.cpp, line 759]
Event: 3.043 Thread 0x000001dac300c9b0 Exception <a 'java/lang/NoSuchMethodError'{0x00000000c69ca868}: 'java.lang.Object java.lang.invoke.DirectMethodHandle$Holder.newInvokeSpecial(java.lang.Object, java.lang.Object, java.lang.Object, java.lang.Object, java.lang.Object)'> (0x00000000c69ca868) 
thrown [s\src\hotspot\share\interpreter\linkResolver.cpp, line 759]
Event: 3.046 Thread 0x000001dade93f320 Exception <a 'java/lang/NoSuchMethodError'{0x00000000c69eb1f8}: 'void java.lang.invoke.DirectMethodHandle$Holder.invokeStatic(java.lang.Object, java.lang.Object, java.lang.Object, java.lang.Object)'> (0x00000000c69eb1f8) 
thrown [s\src\hotspot\share\interpreter\linkResolver.cpp, line 759]

VM Operations (12 events):
Event: 1.092 Executing VM operation: HandshakeAllThreads
Event: 1.092 Executing VM operation: HandshakeAllThreads done
Event: 1.147 Executing VM operation: HandshakeAllThreads
Event: 1.147 Executing VM operation: HandshakeAllThreads done
Event: 1.156 Executing VM operation: G1CollectForAllocation
Event: 1.163 Executing VM operation: G1CollectForAllocation done
Event: 2.177 Executing VM operation: Cleanup
Event: 2.178 Executing VM operation: Cleanup done
Event: 2.825 Executing VM operation: HandshakeAllThreads
Event: 2.825 Executing VM operation: HandshakeAllThreads done
Event: 3.021 Executing VM operation: G1CollectForAllocation
Event: 3.026 Executing VM operation: G1CollectForAllocation done

Events (20 events):
Event: 3.093 loading class jdk/internal/jimage/NativeImageBuffer$1
Event: 3.093 loading class jdk/internal/jimage/NativeImageBuffer$1 done
Event: 3.096 loading class jdk/internal/jimage/ImageHeader
Event: 3.096 loading class jdk/internal/jimage/ImageHeader done
Event: 3.096 loading class java/nio/DirectIntBufferU
Event: 3.097 loading class java/nio/IntBuffer
Event: 3.098 loading class java/nio/IntBuffer done
Event: 3.098 loading class java/nio/DirectIntBufferU done
Event: 3.099 loading class java/nio/DirectByteBufferR
Event: 3.100 loading class java/nio/DirectByteBufferR done
Event: 3.100 loading class java/nio/DirectIntBufferRU
Event: 3.100 loading class java/nio/DirectIntBufferRU done
Event: 3.101 loading class jdk/internal/jimage/ImageStringsReader
Event: 3.101 loading class jdk/internal/jimage/ImageStrings
Event: 3.101 loading class jdk/internal/jimage/ImageStrings done
Event: 3.101 loading class jdk/internal/jimage/ImageStringsReader done
Event: 3.101 loading class jdk/internal/jimage/decompressor/Decompressor
Event: 3.101 loading class jdk/internal/jimage/decompressor/Decompressor done
Event: 3.101 loading class jdk/internal/jimage/ImageLocation
Event: 3.101 loading class jdk/internal/jimage/ImageLocation done


Dynamic libraries:
0x00007ff6a2360000 - 0x00007ff6a236e000 	C:\Users\foure\.p2\pool\plugins\org.eclipse.justj.openjdk.hotspot.jre.full.win32.x86_64_17.0.8.v20230831-1047\jre\bin\javaw.exe
0x00007fff7c8f0000 - 0x00007fff7cb07000 	C:\Windows\SYSTEM32\ntdll.dll
0x00007fff7b7a0000 - 0x00007fff7b864000 	C:\Windows\System32\KERNEL32.DLL
0x00007fff79e80000 - 0x00007fff7a237000 	C:\Windows\System32\KERNELBASE.dll
0x00007fff79c00000 - 0x00007fff79d11000 	C:\Windows\System32\ucrtbase.dll
0x00007fff68ae0000 - 0x00007fff68af9000 	C:\Users\foure\.p2\pool\plugins\org.eclipse.justj.openjdk.hotspot.jre.full.win32.x86_64_17.0.8.v20230831-1047\jre\bin\VCRUNTIME140.dll
0x00007fff68b00000 - 0x00007fff68b17000 	C:\Users\foure\.p2\pool\plugins\org.eclipse.justj.openjdk.hotspot.jre.full.win32.x86_64_17.0.8.v20230831-1047\jre\bin\jli.dll
0x00007fff7aab0000 - 0x00007fff7ac5f000 	C:\Windows\System32\USER32.dll
0x00007fff7a4d0000 - 0x00007fff7a4f6000 	C:\Windows\System32\win32u.dll
0x00007fff7b650000 - 0x00007fff7b679000 	C:\Windows\System32\GDI32.dll
0x00007fff7a240000 - 0x00007fff7a358000 	C:\Windows\System32\gdi32full.dll
0x00007fff79de0000 - 0x00007fff79e7a000 	C:\Windows\System32\msvcp_win.dll
0x00007fff67510000 - 0x00007fff677a3000 	C:\Windows\WinSxS\amd64_microsoft.windows.common-controls_6595b64144ccf1df_6.0.22621.3672_none_2713b9d173822955\COMCTL32.dll
0x00007fff7acc0000 - 0x00007fff7ad67000 	C:\Windows\System32\msvcrt.dll
0x00007fff7b510000 - 0x00007fff7b541000 	C:\Windows\System32\IMM32.DLL
0x00007fff75360000 - 0x00007fff7536c000 	C:\Users\foure\.p2\pool\plugins\org.eclipse.justj.openjdk.hotspot.jre.full.win32.x86_64_17.0.8.v20230831-1047\jre\bin\vcruntime140_1.dll
0x00007fff66960000 - 0x00007fff669f1000 	C:\Users\foure\.p2\pool\plugins\org.eclipse.justj.openjdk.hotspot.jre.full.win32.x86_64_17.0.8.v20230831-1047\jre\bin\msvcp140.dll
0x00007fff04510000 - 0x00007fff0515c000 	C:\Users\foure\.p2\pool\plugins\org.eclipse.justj.openjdk.hotspot.jre.full.win32.x86_64_17.0.8.v20230831-1047\jre\bin\server\jvm.dll
0x00007fff7c320000 - 0x00007fff7c3d2000 	C:\Windows\System32\ADVAPI32.dll
0x00007fff7c5a0000 - 0x00007fff7c648000 	C:\Windows\System32\sechost.dll
0x00007fff7a500000 - 0x00007fff7a528000 	C:\Windows\System32\bcrypt.dll
0x00007fff7ad70000 - 0x00007fff7ae84000 	C:\Windows\System32\RPCRT4.dll
0x00007fff79ad0000 - 0x00007fff79b1d000 	C:\Windows\SYSTEM32\POWRPROF.dll
0x00007fff702a0000 - 0x00007fff702aa000 	C:\Windows\SYSTEM32\VERSION.dll
0x00007fff72f70000 - 0x00007fff72fa4000 	C:\Windows\SYSTEM32\WINMM.dll
0x00007fff72140000 - 0x00007fff72149000 	C:\Windows\SYSTEM32\WSOCK32.dll
0x00007fff7aeb0000 - 0x00007fff7af21000 	C:\Windows\System32\WS2_32.dll
0x00007fff79a00000 - 0x00007fff79a13000 	C:\Windows\SYSTEM32\UMPDC.dll
0x00007fff78c10000 - 0x00007fff78c28000 	C:\Windows\SYSTEM32\kernel.appcore.dll
0x00007fff6f2c0000 - 0x00007fff6f2ca000 	C:\Users\foure\.p2\pool\plugins\org.eclipse.justj.openjdk.hotspot.jre.full.win32.x86_64_17.0.8.v20230831-1047\jre\bin\jimage.dll
0x00007fff77600000 - 0x00007fff77832000 	C:\Windows\SYSTEM32\DBGHELP.DLL
0x00007fff7b0e0000 - 0x00007fff7b46e000 	C:\Windows\System32\combase.dll
0x00007fff7c7d0000 - 0x00007fff7c8a7000 	C:\Windows\System32\OLEAUT32.dll
0x00007fff59970000 - 0x00007fff599a2000 	C:\Windows\SYSTEM32\dbgcore.DLL
0x00007fff7a530000 - 0x00007fff7a5ab000 	C:\Windows\System32\bcryptPrimitives.dll
0x00007fff5d160000 - 0x00007fff5d185000 	C:\Users\foure\.p2\pool\plugins\org.eclipse.justj.openjdk.hotspot.jre.full.win32.x86_64_17.0.8.v20230831-1047\jre\bin\java.dll
0x00007fff5d860000 - 0x00007fff5d878000 	C:\Users\foure\.p2\pool\plugins\org.eclipse.justj.openjdk.hotspot.jre.full.win32.x86_64_17.0.8.v20230831-1047\jre\bin\zip.dll
0x00007fff7b870000 - 0x00007fff7c0d9000 	C:\Windows\System32\SHELL32.dll
0x00007fff77b20000 - 0x00007fff7841f000 	C:\Windows\SYSTEM32\windows.storage.dll
0x00007fff779e0000 - 0x00007fff77b1f000 	C:\Windows\SYSTEM32\wintypes.dll
0x00007fff7b550000 - 0x00007fff7b649000 	C:\Windows\System32\SHCORE.dll
0x00007fff7b680000 - 0x00007fff7b6de000 	C:\Windows\System32\shlwapi.dll
0x00007fff79b30000 - 0x00007fff79b57000 	C:\Windows\SYSTEM32\profapi.dll
0x00007fff5d650000 - 0x00007fff5d669000 	C:\Users\foure\.p2\pool\plugins\org.eclipse.justj.openjdk.hotspot.jre.full.win32.x86_64_17.0.8.v20230831-1047\jre\bin\net.dll
0x00007fff73bc0000 - 0x00007fff73cf6000 	C:\Windows\SYSTEM32\WINHTTP.dll
0x00007fff79080000 - 0x00007fff790e9000 	C:\Windows\system32\mswsock.dll
0x00007fff53b80000 - 0x00007fff53b95000 	C:\Users\foure\.p2\pool\plugins\org.eclipse.justj.openjdk.hotspot.jre.full.win32.x86_64_17.0.8.v20230831-1047\jre\bin\nio.dll
0x000001dad9ce0000 - 0x000001dad9ce3000 	C:\Program Files\javafx-sdk-17.0.13\bin\api-ms-win-core-console-l1-1-0.dll
0x000001dad9cf0000 - 0x000001dad9cf3000 	C:\Program Files\javafx-sdk-17.0.13\bin\api-ms-win-core-console-l1-2-0.dll
0x000001dad9d00000 - 0x000001dad9d03000 	C:\Program Files\javafx-sdk-17.0.13\bin\api-ms-win-core-datetime-l1-1-0.dll
0x000001dad9d10000 - 0x000001dad9d13000 	C:\Program Files\javafx-sdk-17.0.13\bin\api-ms-win-core-debug-l1-1-0.dll
0x000001dad9d20000 - 0x000001dad9d23000 	C:\Program Files\javafx-sdk-17.0.13\bin\api-ms-win-core-errorhandling-l1-1-0.dll
0x000001dad9d30000 - 0x000001dad9d34000 	C:\Program Files\javafx-sdk-17.0.13\bin\api-ms-win-core-file-l1-1-0.dll
0x000001dad9d40000 - 0x000001dad9d43000 	C:\Program Files\javafx-sdk-17.0.13\bin\api-ms-win-core-file-l1-2-0.dll
0x000001dad9d50000 - 0x000001dad9d53000 	C:\Program Files\javafx-sdk-17.0.13\bin\api-ms-win-core-file-l2-1-0.dll
0x000001dad9d60000 - 0x000001dad9d63000 	C:\Program Files\javafx-sdk-17.0.13\bin\api-ms-win-core-handle-l1-1-0.dll
0x000001dad9d70000 - 0x000001dad9d73000 	C:\Program Files\javafx-sdk-17.0.13\bin\api-ms-win-core-heap-l1-1-0.dll
0x000001dad9d80000 - 0x000001dad9d83000 	C:\Program Files\javafx-sdk-17.0.13\bin\api-ms-win-core-interlocked-l1-1-0.dll
0x000001dad9d90000 - 0x000001dad9d93000 	C:\Program Files\javafx-sdk-17.0.13\bin\api-ms-win-core-libraryloader-l1-1-0.dll
0x000001dad9da0000 - 0x000001dad9da3000 	C:\Program Files\javafx-sdk-17.0.13\bin\api-ms-win-core-localization-l1-2-0.dll
0x000001dad9db0000 - 0x000001dad9db3000 	C:\Program Files\javafx-sdk-17.0.13\bin\api-ms-win-core-memory-l1-1-0.dll
0x000001dad9dc0000 - 0x000001dad9dc3000 	C:\Program Files\javafx-sdk-17.0.13\bin\api-ms-win-core-namedpipe-l1-1-0.dll
0x000001dad9dd0000 - 0x000001dad9dd3000 	C:\Program Files\javafx-sdk-17.0.13\bin\api-ms-win-core-processenvironment-l1-1-0.dll
0x000001dad9de0000 - 0x000001dad9de3000 	C:\Program Files\javafx-sdk-17.0.13\bin\api-ms-win-core-processthreads-l1-1-0.dll
0x000001dad9df0000 - 0x000001dad9df3000 	C:\Program Files\javafx-sdk-17.0.13\bin\api-ms-win-core-processthreads-l1-1-1.dll
0x000001dad9e00000 - 0x000001dad9e03000 	C:\Program Files\javafx-sdk-17.0.13\bin\api-ms-win-core-profile-l1-1-0.dll
0x000001dad9e10000 - 0x000001dad9e13000 	C:\Program Files\javafx-sdk-17.0.13\bin\api-ms-win-core-rtlsupport-l1-1-0.dll
0x000001dad9e20000 - 0x000001dad9e23000 	C:\Program Files\javafx-sdk-17.0.13\bin\api-ms-win-core-string-l1-1-0.dll
0x000001dad9e30000 - 0x000001dad9e33000 	C:\Program Files\javafx-sdk-17.0.13\bin\api-ms-win-core-synch-l1-1-0.dll
0x000001dad9e40000 - 0x000001dad9e43000 	C:\Program Files\javafx-sdk-17.0.13\bin\api-ms-win-core-synch-l1-2-0.dll
0x000001dad9e50000 - 0x000001dad9e53000 	C:\Program Files\javafx-sdk-17.0.13\bin\api-ms-win-core-sysinfo-l1-1-0.dll
0x000001dad9e60000 - 0x000001dad9e63000 	C:\Program Files\javafx-sdk-17.0.13\bin\api-ms-win-core-timezone-l1-1-0.dll
0x000001dad9e70000 - 0x000001dad9e73000 	C:\Program Files\javafx-sdk-17.0.13\bin\api-ms-win-core-util-l1-1-0.dll
0x000001dad9e80000 - 0x000001dad9e83000 	C:\Program Files\javafx-sdk-17.0.13\bin\api-ms-win-crt-conio-l1-1-0.dll
0x000001dad9e90000 - 0x000001dad9e94000 	C:\Program Files\javafx-sdk-17.0.13\bin\api-ms-win-crt-convert-l1-1-0.dll
0x000001dad9ea0000 - 0x000001dad9ea3000 	C:\Program Files\javafx-sdk-17.0.13\bin\api-ms-win-crt-environment-l1-1-0.dll
0x000001dad9eb0000 - 0x000001dad9eb3000 	C:\Program Files\javafx-sdk-17.0.13\bin\api-ms-win-crt-filesystem-l1-1-0.dll
0x000001dad9ec0000 - 0x000001dad9ec3000 	C:\Program Files\javafx-sdk-17.0.13\bin\api-ms-win-crt-heap-l1-1-0.dll
0x000001dad9ed0000 - 0x000001dad9ed3000 	C:\Program Files\javafx-sdk-17.0.13\bin\api-ms-win-crt-locale-l1-1-0.dll
0x000001dad9ee0000 - 0x000001dad9ee5000 	C:\Program Files\javafx-sdk-17.0.13\bin\api-ms-win-crt-math-l1-1-0.dll
0x000001dad9ef0000 - 0x000001dad9ef5000 	C:\Program Files\javafx-sdk-17.0.13\bin\api-ms-win-crt-multibyte-l1-1-0.dll
0x000001dad9f00000 - 0x000001dad9f10000 	C:\Program Files\javafx-sdk-17.0.13\bin\api-ms-win-crt-private-l1-1-0.dll
0x000001dad9f10000 - 0x000001dad9f13000 	C:\Program Files\javafx-sdk-17.0.13\bin\api-ms-win-crt-process-l1-1-0.dll
0x000001dad9f20000 - 0x000001dad9f24000 	C:\Program Files\javafx-sdk-17.0.13\bin\api-ms-win-crt-runtime-l1-1-0.dll
0x000001dad9f30000 - 0x000001dad9f34000 	C:\Program Files\javafx-sdk-17.0.13\bin\api-ms-win-crt-stdio-l1-1-0.dll
0x000001dad9f40000 - 0x000001dad9f44000 	C:\Program Files\javafx-sdk-17.0.13\bin\api-ms-win-crt-string-l1-1-0.dll
0x000001dad9f50000 - 0x000001dad9f53000 	C:\Program Files\javafx-sdk-17.0.13\bin\api-ms-win-crt-time-l1-1-0.dll
0x000001dad9f60000 - 0x000001dad9f63000 	C:\Program Files\javafx-sdk-17.0.13\bin\api-ms-win-crt-utility-l1-1-0.dll
0x00007fff3acf0000 - 0x00007fff3adec000 	C:\Program Files\javafx-sdk-17.0.13\bin\ucrtbase.dll
0x00007fff66940000 - 0x00007fff6695b000 	C:\Program Files\javafx-sdk-17.0.13\bin\vcruntime140.dll
0x00007fff72fd0000 - 0x00007fff72fdc000 	C:\Program Files\javafx-sdk-17.0.13\bin\vcruntime140_1.dll
0x00007fff4a760000 - 0x00007fff4a7ee000 	C:\Program Files\javafx-sdk-17.0.13\bin\msvcp140.dll
0x00007fff721d0000 - 0x00007fff721d9000 	C:\Program Files\javafx-sdk-17.0.13\bin\msvcp140_1.dll
0x00007fff4c750000 - 0x00007fff4c791000 	C:\Program Files\javafx-sdk-17.0.13\bin\msvcp140_2.dll
0x00007fff66910000 - 0x00007fff6693a000 	C:\Program Files\javafx-sdk-17.0.13\bin\prism_d3d.dll
0x00007fff38a50000 - 0x00007fff38bf8000 	C:\Windows\system32\d3d9.dll
0x00007fff76ed0000 - 0x00007fff76efb000 	C:\Windows\SYSTEM32\dwmapi.dll
0x00007fff76d60000 - 0x00007fff76d97000 	C:\Windows\SYSTEM32\dxcore.dll
0x00007fff76c60000 - 0x00007fff76d11000 	C:\Windows\system32\uxtheme.dll
0x00007fff36c80000 - 0x00007fff36e2a000 	C:\Windows\System32\DriverStore\FileRepository\iigd_dch.inf_amd64_269da44064f4461c\igdumdim64.dll
0x00007fff7af30000 - 0x00007fff7b0d5000 	C:\Windows\System32\ole32.dll
0x00007ffefe3d0000 - 0x00007fff01ff7000 	C:\Windows\System32\DriverStore\FileRepository\iigd_dch.inf_amd64_269da44064f4461c\igd9dxva64.dll
0x00007fff7a620000 - 0x00007fff7aa94000 	C:\Windows\System32\SETUPAPI.dll
0x00007fff797d0000 - 0x00007fff7981e000 	C:\Windows\SYSTEM32\cfgmgr32.dll
0x00007fff6ed80000 - 0x00007fff6f169000 	C:\Windows\System32\DriverStore\FileRepository\iigd_dch.inf_amd64_269da44064f4461c\igdgmm64.dll
0x00007fff740b0000 - 0x00007fff740f9000 	C:\Windows\SYSTEM32\directxdatabasehelper.dll
0x00007fff3cf70000 - 0x00007fff3cfb2000 	C:\Program Files\javafx-sdk-17.0.13\bin\glass.dll
0x00007fff7c650000 - 0x00007fff7c74f000 	C:\Windows\System32\COMDLG32.dll
0x00007fff7c1c0000 - 0x00007fff7c320000 	C:\Windows\System32\MSCTF.dll
0x00007fff4bb60000 - 0x00007fff4bb87000 	C:\Windows\System32\DriverStore\FileRepository\iigd_dch.inf_amd64_269da44064f4461c\igdinfo64.dll

dbghelp: loaded successfully - version: 4.0.5 - missing functions: none
symbol engine: initialized successfully - sym options: 0x614 - pdb path: .;C:\Users\foure\.p2\pool\plugins\org.eclipse.justj.openjdk.hotspot.jre.full.win32.x86_64_17.0.8.v20230831-1047\jre\bin;C:\Windows\SYSTEM32;C:\Windows\WinSxS\amd64_microsoft.windows.common-controls_6595b64144ccf1df_6.0.22621.3672_none_2713b9d173822955;C:\Users\foure\.p2\pool\plugins\org.eclipse.justj.openjdk.hotspot.jre.full.win32.x86_64_17.0.8.v20230831-1047\jre\bin\server;C:\Program Files\javafx-sdk-17.0.13\bin;C:\Windows\System32\DriverStore\FileRepository\iigd_dch.inf_amd64_269da44064f4461c

VM Arguments:
jvm_args: --module-path=C:\Program Files\javafx-sdk-17.0.13\lib --add-modules=javafx.controls,javafx.fxml -Dfile.encoding=UTF-8 -Dstdout.encoding=UTF-8 -Dstderr.encoding=UTF-8 --module-path=C:\Program Files\javafx-sdk-17.0.13\lib\javafx.base.jar;C:\Program Files\javafx-sdk-17.0.13\lib\javafx.controls.jar;C:\Program Files\javafx-sdk-17.0.13\lib\javafx.fxml.jar;C:\Program Files\javafx-sdk-17.0.13\lib\javafx.graphics.jar;C:\Program Files\javafx-sdk-17.0.13\lib\javafx.media.jar;C:\Program Files\javafx-sdk-17.0.13\lib\javafx.swing.jar;C:\Program Files\javafx-sdk-17.0.13\lib\javafx.web.jar;C:\Program Files\javafx-sdk-17.0.13\lib\javafx-swt.jar -XX:+ShowCodeDetailsInExceptionMessages 
java_command: Interface.MainView
java_class_path (initial): C:\Users\foure\git\site\Site\target\classes;C:\Users\foure\.m2\repository\com\mysql\mysql-connector-j\8.0.33\mysql-connector-j-8.0.33.jar;C:\Users\foure\.m2\repository\com\google\protobuf\protobuf-java\3.21.9\protobuf-java-3.21.9.jar
Launcher Type: SUN_STANDARD

[Global flags]
     intx CICompilerCount                          = 2                                         {product} {ergonomic}
     uint ConcGCThreads                            = 1                                         {product} {ergonomic}
     uint G1ConcRefinementThreads                  = 2                                         {product} {ergonomic}
   size_t G1HeapRegionSize                         = 1048576                                   {product} {ergonomic}
    uintx GCDrainStackTargetSize                   = 64                                        {product} {ergonomic}
   size_t InitialHeapSize                          = 65011712                                  {product} {ergonomic}
   size_t MarkStackSize                            = 4194304                                   {product} {ergonomic}
   size_t MaxHeapSize                              = 1027604480                                {product} {ergonomic}
   size_t MaxNewSize                               = 616562688                                 {product} {ergonomic}
   size_t MinHeapDeltaBytes                        = 1048576                                   {product} {ergonomic}
   size_t MinHeapSize                              = 8388608                                   {product} {ergonomic}
    uintx NonNMethodCodeHeapSize                   = 5826188                                {pd product} {ergonomic}
    uintx NonProfiledCodeHeapSize                  = 122916026                              {pd product} {ergonomic}
    uintx ProfiledCodeHeapSize                     = 122916026                              {pd product} {ergonomic}
    uintx ReservedCodeCacheSize                    = 251658240                              {pd product} {ergonomic}
     bool SegmentedCodeCache                       = true                                      {product} {ergonomic}
     bool ShowCodeDetailsInExceptionMessages       = true                                   {manageable} {command line}
   size_t SoftMaxHeapSize                          = 1027604480                             {manageable} {ergonomic}
     bool UseCompressedClassPointers               = true                           {product lp64_product} {ergonomic}
     bool UseCompressedOops                        = true                           {product lp64_product} {ergonomic}
     bool UseG1GC                                  = true                                      {product} {ergonomic}
     bool UseLargePagesIndividualAllocation        = false                                  {pd product} {ergonomic}

Logging:
Log output configuration:
 #0: stdout all=warning uptime,level,tags
 #1: stderr all=off uptime,level,tags

Environment Variables:
PATH=C:/Users/foure/.p2/pool/plugins/org.eclipse.justj.openjdk.hotspot.jre.full.win32.x86_64_17.0.8.v20230831-1047/jre/bin/server;C:/Users/foure/.p2/pool/plugins/org.eclipse.justj.openjdk.hotspot.jre.full.win32.x86_64_17.0.8.v20230831-1047/jre/bin;C:\Program Files\Eclipse Adoptium\jdk-17.0.8.101-hotspot\bin;C:\Windows\system32;C:\Windows;C:\Windows\System32\Wbem;C:\Windows\System32\WindowsPowerShell\v1.0\;C:\Windows\System32\OpenSSH\;C:\Program Files\Git\cmd;C:\Program Files\apache-maven-3.9.9\bin;C:\Program Files\MySQL\MySQL Shell 8.0\bin\;C:\Users\foure\AppData\Local\Programs\Python\Launcher\;C:\Users\foure\AppData\Local\Microsoft\WindowsApps;;C:\Users\foure\AppData\Local\Programs\Microsoft VS Code\bin;C:\Users\foure\eclipse\java-2023-09\eclipse;
USERNAME=foure
OS=Windows_NT
PROCESSOR_IDENTIFIER=Intel64 Family 6 Model 122 Stepping 8, GenuineIntel
TMP=C:\Users\foure\AppData\Local\Temp
TEMP=C:\Users\foure\AppData\Local\Temp



---------------  S Y S T E M  ---------------

OS:
 Windows 11 , 64 bit Build 22621 (10.0.22621.3958)
OS uptime: 11 days 11:06 hours
Hyper-V role detected

CPU: total 2 (initial active 2) (2 cores per cpu, 1 threads per core) family 6 model 122 stepping 8 microcode 0x1c, cx8, cmov, fxsr, mmx, 3dnowpref, sse, sse2, sse3, ssse3, sse4.1, sse4.2, popcnt, tsc, tscinvbit, aes, erms, clmul, sha, clflush, clflushopt, hv
Processor Information for all 2 processors :
  Max Mhz: 1101, Current Mhz: 1101, Mhz Limit: 1101

Memory: 4k page, system-wide physical 3918M (325M free)
TotalPageFile size 15694M (AvailPageFile size 4M)
current process WorkingSet (physical memory assigned to process): 61M, peak: 61M
current process commit charge ("private bytes"): 146M, peak: 147M

vm_info: OpenJDK 64-Bit Server VM (17.0.8.1+1) for windows-amd64 JRE (17.0.8.1+1), built on Aug 23 2023 15:29:17 by "admin" with MS VC++ 16.7 (VS2019)

END.
